[2026-02-11T16:32:35.129+0000] {processor.py:161} INFO - Started process (PID=91) to work on /opt/airflow/dags/eth_mongo_to_postgres_dag.py
[2026-02-11T16:32:35.131+0000] {processor.py:830} INFO - Processing file /opt/airflow/dags/eth_mongo_to_postgres_dag.py for tasks to queue
[2026-02-11T16:32:35.139+0000] {logging_mixin.py:188} INFO - [2026-02-11T16:32:35.139+0000] {dagbag.py:538} INFO - Filling up the DagBag from /opt/airflow/dags/eth_mongo_to_postgres_dag.py
[2026-02-11T16:32:35.179+0000] {logging_mixin.py:188} INFO - [2026-02-11T16:32:35.172+0000] {dagbag.py:348} ERROR - Failed to import: /opt/airflow/dags/eth_mongo_to_postgres_dag.py
Traceback (most recent call last):
  File "/home/airflow/.local/lib/python3.8/site-packages/airflow/models/dagbag.py", line 344, in parse
    loader.exec_module(new_module)
  File "<frozen importlib._bootstrap_external>", line 843, in exec_module
  File "<frozen importlib._bootstrap>", line 219, in _call_with_frames_removed
  File "/opt/airflow/dags/eth_mongo_to_postgres_dag.py", line 5, in <module>
    from mongo_to_postgres import mongo_to_postgres
ModuleNotFoundError: No module named 'mongo_to_postgres'
[2026-02-11T16:32:35.184+0000] {processor.py:842} WARNING - No viable dags retrieved from /opt/airflow/dags/eth_mongo_to_postgres_dag.py
[2026-02-11T16:32:35.245+0000] {processor.py:183} INFO - Processing /opt/airflow/dags/eth_mongo_to_postgres_dag.py took 0.126 seconds
[2026-02-11T16:33:05.613+0000] {processor.py:161} INFO - Started process (PID=109) to work on /opt/airflow/dags/eth_mongo_to_postgres_dag.py
[2026-02-11T16:33:05.615+0000] {processor.py:830} INFO - Processing file /opt/airflow/dags/eth_mongo_to_postgres_dag.py for tasks to queue
[2026-02-11T16:33:05.618+0000] {logging_mixin.py:188} INFO - [2026-02-11T16:33:05.618+0000] {dagbag.py:538} INFO - Filling up the DagBag from /opt/airflow/dags/eth_mongo_to_postgres_dag.py
[2026-02-11T16:33:05.651+0000] {logging_mixin.py:188} INFO - [2026-02-11T16:33:05.646+0000] {dagbag.py:348} ERROR - Failed to import: /opt/airflow/dags/eth_mongo_to_postgres_dag.py
Traceback (most recent call last):
  File "/home/airflow/.local/lib/python3.8/site-packages/airflow/models/dagbag.py", line 344, in parse
    loader.exec_module(new_module)
  File "<frozen importlib._bootstrap_external>", line 843, in exec_module
  File "<frozen importlib._bootstrap>", line 219, in _call_with_frames_removed
  File "/opt/airflow/dags/eth_mongo_to_postgres_dag.py", line 5, in <module>
    from mongo_to_postgres import mongo_to_postgres
ModuleNotFoundError: No module named 'mongo_to_postgres'
[2026-02-11T16:33:05.652+0000] {processor.py:842} WARNING - No viable dags retrieved from /opt/airflow/dags/eth_mongo_to_postgres_dag.py
[2026-02-11T16:33:05.707+0000] {processor.py:183} INFO - Processing /opt/airflow/dags/eth_mongo_to_postgres_dag.py took 0.107 seconds
[2026-02-11T16:33:35.994+0000] {processor.py:161} INFO - Started process (PID=112) to work on /opt/airflow/dags/eth_mongo_to_postgres_dag.py
[2026-02-11T16:33:35.998+0000] {processor.py:830} INFO - Processing file /opt/airflow/dags/eth_mongo_to_postgres_dag.py for tasks to queue
[2026-02-11T16:33:36.000+0000] {logging_mixin.py:188} INFO - [2026-02-11T16:33:35.999+0000] {dagbag.py:538} INFO - Filling up the DagBag from /opt/airflow/dags/eth_mongo_to_postgres_dag.py
[2026-02-11T16:33:36.060+0000] {logging_mixin.py:188} INFO - [2026-02-11T16:33:36.055+0000] {dagbag.py:348} ERROR - Failed to import: /opt/airflow/dags/eth_mongo_to_postgres_dag.py
Traceback (most recent call last):
  File "/home/airflow/.local/lib/python3.8/site-packages/airflow/models/dagbag.py", line 344, in parse
    loader.exec_module(new_module)
  File "<frozen importlib._bootstrap_external>", line 843, in exec_module
  File "<frozen importlib._bootstrap>", line 219, in _call_with_frames_removed
  File "/opt/airflow/dags/eth_mongo_to_postgres_dag.py", line 5, in <module>
    from mongo_to_postgres import mongo_to_postgres
ModuleNotFoundError: No module named 'mongo_to_postgres'
[2026-02-11T16:33:36.061+0000] {processor.py:842} WARNING - No viable dags retrieved from /opt/airflow/dags/eth_mongo_to_postgres_dag.py
[2026-02-11T16:33:36.168+0000] {processor.py:183} INFO - Processing /opt/airflow/dags/eth_mongo_to_postgres_dag.py took 0.186 seconds
[2026-02-11T16:34:06.397+0000] {processor.py:161} INFO - Started process (PID=114) to work on /opt/airflow/dags/eth_mongo_to_postgres_dag.py
[2026-02-11T16:34:06.398+0000] {processor.py:830} INFO - Processing file /opt/airflow/dags/eth_mongo_to_postgres_dag.py for tasks to queue
[2026-02-11T16:34:06.400+0000] {logging_mixin.py:188} INFO - [2026-02-11T16:34:06.399+0000] {dagbag.py:538} INFO - Filling up the DagBag from /opt/airflow/dags/eth_mongo_to_postgres_dag.py
[2026-02-11T16:34:06.439+0000] {logging_mixin.py:188} INFO - [2026-02-11T16:34:06.436+0000] {dagbag.py:348} ERROR - Failed to import: /opt/airflow/dags/eth_mongo_to_postgres_dag.py
Traceback (most recent call last):
  File "/home/airflow/.local/lib/python3.8/site-packages/airflow/models/dagbag.py", line 344, in parse
    loader.exec_module(new_module)
  File "<frozen importlib._bootstrap_external>", line 843, in exec_module
  File "<frozen importlib._bootstrap>", line 219, in _call_with_frames_removed
  File "/opt/airflow/dags/eth_mongo_to_postgres_dag.py", line 5, in <module>
    from mongo_to_postgres import mongo_to_postgres
ModuleNotFoundError: No module named 'mongo_to_postgres'
[2026-02-11T16:34:06.441+0000] {processor.py:842} WARNING - No viable dags retrieved from /opt/airflow/dags/eth_mongo_to_postgres_dag.py
[2026-02-11T16:34:06.541+0000] {processor.py:183} INFO - Processing /opt/airflow/dags/eth_mongo_to_postgres_dag.py took 0.148 seconds
[2026-02-11T16:34:36.788+0000] {processor.py:161} INFO - Started process (PID=116) to work on /opt/airflow/dags/eth_mongo_to_postgres_dag.py
[2026-02-11T16:34:36.790+0000] {processor.py:830} INFO - Processing file /opt/airflow/dags/eth_mongo_to_postgres_dag.py for tasks to queue
[2026-02-11T16:34:36.791+0000] {logging_mixin.py:188} INFO - [2026-02-11T16:34:36.791+0000] {dagbag.py:538} INFO - Filling up the DagBag from /opt/airflow/dags/eth_mongo_to_postgres_dag.py
[2026-02-11T16:34:36.805+0000] {logging_mixin.py:188} INFO - [2026-02-11T16:34:36.802+0000] {dagbag.py:348} ERROR - Failed to import: /opt/airflow/dags/eth_mongo_to_postgres_dag.py
Traceback (most recent call last):
  File "/home/airflow/.local/lib/python3.8/site-packages/airflow/models/dagbag.py", line 344, in parse
    loader.exec_module(new_module)
  File "<frozen importlib._bootstrap_external>", line 843, in exec_module
  File "<frozen importlib._bootstrap>", line 219, in _call_with_frames_removed
  File "/opt/airflow/dags/eth_mongo_to_postgres_dag.py", line 5, in <module>
    from mongo_to_postgres import mongo_to_postgres
ModuleNotFoundError: No module named 'mongo_to_postgres'
[2026-02-11T16:34:36.806+0000] {processor.py:842} WARNING - No viable dags retrieved from /opt/airflow/dags/eth_mongo_to_postgres_dag.py
[2026-02-11T16:34:36.866+0000] {processor.py:183} INFO - Processing /opt/airflow/dags/eth_mongo_to_postgres_dag.py took 0.082 seconds
[2026-02-11T16:35:07.136+0000] {processor.py:161} INFO - Started process (PID=118) to work on /opt/airflow/dags/eth_mongo_to_postgres_dag.py
[2026-02-11T16:35:07.138+0000] {processor.py:830} INFO - Processing file /opt/airflow/dags/eth_mongo_to_postgres_dag.py for tasks to queue
[2026-02-11T16:35:07.140+0000] {logging_mixin.py:188} INFO - [2026-02-11T16:35:07.139+0000] {dagbag.py:538} INFO - Filling up the DagBag from /opt/airflow/dags/eth_mongo_to_postgres_dag.py
[2026-02-11T16:35:07.160+0000] {logging_mixin.py:188} INFO - [2026-02-11T16:35:07.157+0000] {dagbag.py:348} ERROR - Failed to import: /opt/airflow/dags/eth_mongo_to_postgres_dag.py
Traceback (most recent call last):
  File "/home/airflow/.local/lib/python3.8/site-packages/airflow/models/dagbag.py", line 344, in parse
    loader.exec_module(new_module)
  File "<frozen importlib._bootstrap_external>", line 843, in exec_module
  File "<frozen importlib._bootstrap>", line 219, in _call_with_frames_removed
  File "/opt/airflow/dags/eth_mongo_to_postgres_dag.py", line 5, in <module>
    from mongo_to_postgres import mongo_to_postgres
ModuleNotFoundError: No module named 'mongo_to_postgres'
[2026-02-11T16:35:07.162+0000] {processor.py:842} WARNING - No viable dags retrieved from /opt/airflow/dags/eth_mongo_to_postgres_dag.py
[2026-02-11T16:35:07.193+0000] {processor.py:183} INFO - Processing /opt/airflow/dags/eth_mongo_to_postgres_dag.py took 0.061 seconds
[2026-02-11T16:35:32.383+0000] {processor.py:161} INFO - Started process (PID=120) to work on /opt/airflow/dags/eth_mongo_to_postgres_dag.py
[2026-02-11T16:35:32.384+0000] {processor.py:830} INFO - Processing file /opt/airflow/dags/eth_mongo_to_postgres_dag.py for tasks to queue
[2026-02-11T16:35:32.385+0000] {logging_mixin.py:188} INFO - [2026-02-11T16:35:32.385+0000] {dagbag.py:538} INFO - Filling up the DagBag from /opt/airflow/dags/eth_mongo_to_postgres_dag.py
[2026-02-11T16:35:32.480+0000] {logging_mixin.py:188} INFO - [2026-02-11T16:35:32.473+0000] {dagbag.py:348} ERROR - Failed to import: /opt/airflow/dags/eth_mongo_to_postgres_dag.py
Traceback (most recent call last):
  File "/home/airflow/.local/lib/python3.8/site-packages/airflow/models/dagbag.py", line 344, in parse
    loader.exec_module(new_module)
  File "<frozen importlib._bootstrap_external>", line 843, in exec_module
  File "<frozen importlib._bootstrap>", line 219, in _call_with_frames_removed
  File "/opt/airflow/dags/eth_mongo_to_postgres_dag.py", line 5, in <module>
    from eth_blocks_to_postgres import eth_blocks_to_postgres
ImportError: cannot import name 'eth_blocks_to_postgres' from 'eth_blocks_to_postgres' (/opt/airflow/dags/eth_blocks_to_postgres.py)
[2026-02-11T16:35:32.483+0000] {processor.py:842} WARNING - No viable dags retrieved from /opt/airflow/dags/eth_mongo_to_postgres_dag.py
[2026-02-11T16:35:32.512+0000] {processor.py:183} INFO - Processing /opt/airflow/dags/eth_mongo_to_postgres_dag.py took 0.137 seconds
[2026-02-11T16:36:58.992+0000] {processor.py:161} INFO - Started process (PID=93) to work on /opt/airflow/dags/eth_mongo_to_postgres_dag.py
[2026-02-11T16:36:58.999+0000] {processor.py:830} INFO - Processing file /opt/airflow/dags/eth_mongo_to_postgres_dag.py for tasks to queue
[2026-02-11T16:36:59.001+0000] {logging_mixin.py:188} INFO - [2026-02-11T16:36:59.001+0000] {dagbag.py:538} INFO - Filling up the DagBag from /opt/airflow/dags/eth_mongo_to_postgres_dag.py
[2026-02-11T16:36:59.337+0000] {logging_mixin.py:188} INFO - [2026-02-11T16:36:59.330+0000] {dagbag.py:348} ERROR - Failed to import: /opt/airflow/dags/eth_mongo_to_postgres_dag.py
Traceback (most recent call last):
  File "/home/airflow/.local/lib/python3.8/site-packages/airflow/models/dagbag.py", line 344, in parse
    loader.exec_module(new_module)
  File "<frozen importlib._bootstrap_external>", line 843, in exec_module
  File "<frozen importlib._bootstrap>", line 219, in _call_with_frames_removed
  File "/opt/airflow/dags/eth_mongo_to_postgres_dag.py", line 5, in <module>
    from eth_blocks_to_postgres import eth_blocks_to_postgres
ImportError: cannot import name 'eth_blocks_to_postgres' from 'eth_blocks_to_postgres' (/opt/airflow/dags/eth_blocks_to_postgres.py)
[2026-02-11T16:36:59.341+0000] {processor.py:842} WARNING - No viable dags retrieved from /opt/airflow/dags/eth_mongo_to_postgres_dag.py
[2026-02-11T16:36:59.404+0000] {processor.py:183} INFO - Processing /opt/airflow/dags/eth_mongo_to_postgres_dag.py took 0.428 seconds
[2026-02-11T16:37:26.604+0000] {processor.py:161} INFO - Started process (PID=109) to work on /opt/airflow/dags/eth_mongo_to_postgres_dag.py
[2026-02-11T16:37:26.605+0000] {processor.py:830} INFO - Processing file /opt/airflow/dags/eth_mongo_to_postgres_dag.py for tasks to queue
[2026-02-11T16:37:26.607+0000] {logging_mixin.py:188} INFO - [2026-02-11T16:37:26.606+0000] {dagbag.py:538} INFO - Filling up the DagBag from /opt/airflow/dags/eth_mongo_to_postgres_dag.py
[2026-02-11T16:37:26.706+0000] {logging_mixin.py:188} INFO - [2026-02-11T16:37:26.702+0000] {dagbag.py:445} ERROR - Failed to bag_dag: /opt/airflow/dags/eth_mongo_to_postgres_dag.py
Traceback (most recent call last):
  File "/home/airflow/.local/lib/python3.8/site-packages/airflow/timetables/_cron.py", line 100, in validate
    croniter(self._expression)
  File "/home/airflow/.local/lib/python3.8/site-packages/croniter/croniter.py", line 187, in __init__
    self.expanded, self.nth_weekday_of_month = self.expand(expr_format, hash_id=hash_id)
  File "/home/airflow/.local/lib/python3.8/site-packages/croniter/croniter.py", line 811, in expand
    return cls._expand(expr_format, hash_id=hash_id)
  File "/home/airflow/.local/lib/python3.8/site-packages/croniter/croniter.py", line 657, in _expand
    raise CroniterBadCronError(cls.bad_length)
croniter.croniter.CroniterBadCronError: Exactly 5 or 6 columns has to be specified for iterator expression.

During handling of the above exception, another exception occurred:

Traceback (most recent call last):
  File "/home/airflow/.local/lib/python3.8/site-packages/airflow/models/dagbag.py", line 440, in _process_modules
    dag.validate()
  File "/home/airflow/.local/lib/python3.8/site-packages/airflow/models/dag.py", line 739, in validate
    self.timetable.validate()
  File "/home/airflow/.local/lib/python3.8/site-packages/airflow/timetables/_cron.py", line 102, in validate
    raise AirflowTimetableInvalid(str(e))
airflow.exceptions.AirflowTimetableInvalid: Exactly 5 or 6 columns has to be specified for iterator expression.
[2026-02-11T16:37:26.707+0000] {processor.py:842} WARNING - No viable dags retrieved from /opt/airflow/dags/eth_mongo_to_postgres_dag.py
[2026-02-11T16:37:26.745+0000] {processor.py:183} INFO - Processing /opt/airflow/dags/eth_mongo_to_postgres_dag.py took 0.150 seconds
[2026-02-11T16:38:33.173+0000] {processor.py:161} INFO - Started process (PID=92) to work on /opt/airflow/dags/eth_mongo_to_postgres_dag.py
[2026-02-11T16:38:33.175+0000] {processor.py:830} INFO - Processing file /opt/airflow/dags/eth_mongo_to_postgres_dag.py for tasks to queue
[2026-02-11T16:38:33.178+0000] {logging_mixin.py:188} INFO - [2026-02-11T16:38:33.177+0000] {dagbag.py:538} INFO - Filling up the DagBag from /opt/airflow/dags/eth_mongo_to_postgres_dag.py
[2026-02-11T16:38:33.423+0000] {logging_mixin.py:188} INFO - [2026-02-11T16:38:33.415+0000] {dagbag.py:445} ERROR - Failed to bag_dag: /opt/airflow/dags/eth_mongo_to_postgres_dag.py
Traceback (most recent call last):
  File "/home/airflow/.local/lib/python3.8/site-packages/airflow/timetables/_cron.py", line 100, in validate
    croniter(self._expression)
  File "/home/airflow/.local/lib/python3.8/site-packages/croniter/croniter.py", line 187, in __init__
    self.expanded, self.nth_weekday_of_month = self.expand(expr_format, hash_id=hash_id)
  File "/home/airflow/.local/lib/python3.8/site-packages/croniter/croniter.py", line 811, in expand
    return cls._expand(expr_format, hash_id=hash_id)
  File "/home/airflow/.local/lib/python3.8/site-packages/croniter/croniter.py", line 657, in _expand
    raise CroniterBadCronError(cls.bad_length)
croniter.croniter.CroniterBadCronError: Exactly 5 or 6 columns has to be specified for iterator expression.

During handling of the above exception, another exception occurred:

Traceback (most recent call last):
  File "/home/airflow/.local/lib/python3.8/site-packages/airflow/models/dagbag.py", line 440, in _process_modules
    dag.validate()
  File "/home/airflow/.local/lib/python3.8/site-packages/airflow/models/dag.py", line 739, in validate
    self.timetable.validate()
  File "/home/airflow/.local/lib/python3.8/site-packages/airflow/timetables/_cron.py", line 102, in validate
    raise AirflowTimetableInvalid(str(e))
airflow.exceptions.AirflowTimetableInvalid: Exactly 5 or 6 columns has to be specified for iterator expression.
[2026-02-11T16:38:33.423+0000] {processor.py:842} WARNING - No viable dags retrieved from /opt/airflow/dags/eth_mongo_to_postgres_dag.py
[2026-02-11T16:38:33.477+0000] {processor.py:183} INFO - Processing /opt/airflow/dags/eth_mongo_to_postgres_dag.py took 0.318 seconds
[2026-02-11T16:39:03.684+0000] {processor.py:161} INFO - Started process (PID=109) to work on /opt/airflow/dags/eth_mongo_to_postgres_dag.py
[2026-02-11T16:39:03.685+0000] {processor.py:830} INFO - Processing file /opt/airflow/dags/eth_mongo_to_postgres_dag.py for tasks to queue
[2026-02-11T16:39:03.686+0000] {logging_mixin.py:188} INFO - [2026-02-11T16:39:03.686+0000] {dagbag.py:538} INFO - Filling up the DagBag from /opt/airflow/dags/eth_mongo_to_postgres_dag.py
[2026-02-11T16:39:03.771+0000] {logging_mixin.py:188} INFO - [2026-02-11T16:39:03.768+0000] {dagbag.py:445} ERROR - Failed to bag_dag: /opt/airflow/dags/eth_mongo_to_postgres_dag.py
Traceback (most recent call last):
  File "/home/airflow/.local/lib/python3.8/site-packages/airflow/timetables/_cron.py", line 100, in validate
    croniter(self._expression)
  File "/home/airflow/.local/lib/python3.8/site-packages/croniter/croniter.py", line 187, in __init__
    self.expanded, self.nth_weekday_of_month = self.expand(expr_format, hash_id=hash_id)
  File "/home/airflow/.local/lib/python3.8/site-packages/croniter/croniter.py", line 811, in expand
    return cls._expand(expr_format, hash_id=hash_id)
  File "/home/airflow/.local/lib/python3.8/site-packages/croniter/croniter.py", line 657, in _expand
    raise CroniterBadCronError(cls.bad_length)
croniter.croniter.CroniterBadCronError: Exactly 5 or 6 columns has to be specified for iterator expression.

During handling of the above exception, another exception occurred:

Traceback (most recent call last):
  File "/home/airflow/.local/lib/python3.8/site-packages/airflow/models/dagbag.py", line 440, in _process_modules
    dag.validate()
  File "/home/airflow/.local/lib/python3.8/site-packages/airflow/models/dag.py", line 739, in validate
    self.timetable.validate()
  File "/home/airflow/.local/lib/python3.8/site-packages/airflow/timetables/_cron.py", line 102, in validate
    raise AirflowTimetableInvalid(str(e))
airflow.exceptions.AirflowTimetableInvalid: Exactly 5 or 6 columns has to be specified for iterator expression.
[2026-02-11T16:39:03.772+0000] {processor.py:842} WARNING - No viable dags retrieved from /opt/airflow/dags/eth_mongo_to_postgres_dag.py
[2026-02-11T16:39:03.819+0000] {processor.py:183} INFO - Processing /opt/airflow/dags/eth_mongo_to_postgres_dag.py took 0.139 seconds
[2026-02-11T16:39:34.043+0000] {processor.py:161} INFO - Started process (PID=111) to work on /opt/airflow/dags/eth_mongo_to_postgres_dag.py
[2026-02-11T16:39:34.045+0000] {processor.py:830} INFO - Processing file /opt/airflow/dags/eth_mongo_to_postgres_dag.py for tasks to queue
[2026-02-11T16:39:34.047+0000] {logging_mixin.py:188} INFO - [2026-02-11T16:39:34.046+0000] {dagbag.py:538} INFO - Filling up the DagBag from /opt/airflow/dags/eth_mongo_to_postgres_dag.py
[2026-02-11T16:39:34.175+0000] {logging_mixin.py:188} INFO - [2026-02-11T16:39:34.171+0000] {dagbag.py:445} ERROR - Failed to bag_dag: /opt/airflow/dags/eth_mongo_to_postgres_dag.py
Traceback (most recent call last):
  File "/home/airflow/.local/lib/python3.8/site-packages/airflow/timetables/_cron.py", line 100, in validate
    croniter(self._expression)
  File "/home/airflow/.local/lib/python3.8/site-packages/croniter/croniter.py", line 187, in __init__
    self.expanded, self.nth_weekday_of_month = self.expand(expr_format, hash_id=hash_id)
  File "/home/airflow/.local/lib/python3.8/site-packages/croniter/croniter.py", line 811, in expand
    return cls._expand(expr_format, hash_id=hash_id)
  File "/home/airflow/.local/lib/python3.8/site-packages/croniter/croniter.py", line 657, in _expand
    raise CroniterBadCronError(cls.bad_length)
croniter.croniter.CroniterBadCronError: Exactly 5 or 6 columns has to be specified for iterator expression.

During handling of the above exception, another exception occurred:

Traceback (most recent call last):
  File "/home/airflow/.local/lib/python3.8/site-packages/airflow/models/dagbag.py", line 440, in _process_modules
    dag.validate()
  File "/home/airflow/.local/lib/python3.8/site-packages/airflow/models/dag.py", line 739, in validate
    self.timetable.validate()
  File "/home/airflow/.local/lib/python3.8/site-packages/airflow/timetables/_cron.py", line 102, in validate
    raise AirflowTimetableInvalid(str(e))
airflow.exceptions.AirflowTimetableInvalid: Exactly 5 or 6 columns has to be specified for iterator expression.
[2026-02-11T16:39:34.176+0000] {processor.py:842} WARNING - No viable dags retrieved from /opt/airflow/dags/eth_mongo_to_postgres_dag.py
[2026-02-11T16:39:34.223+0000] {processor.py:183} INFO - Processing /opt/airflow/dags/eth_mongo_to_postgres_dag.py took 0.184 seconds
[2026-02-11T16:40:04.438+0000] {processor.py:161} INFO - Started process (PID=113) to work on /opt/airflow/dags/eth_mongo_to_postgres_dag.py
[2026-02-11T16:40:04.439+0000] {processor.py:830} INFO - Processing file /opt/airflow/dags/eth_mongo_to_postgres_dag.py for tasks to queue
[2026-02-11T16:40:04.440+0000] {logging_mixin.py:188} INFO - [2026-02-11T16:40:04.440+0000] {dagbag.py:538} INFO - Filling up the DagBag from /opt/airflow/dags/eth_mongo_to_postgres_dag.py
[2026-02-11T16:40:04.518+0000] {logging_mixin.py:188} INFO - [2026-02-11T16:40:04.517+0000] {dagbag.py:445} ERROR - Failed to bag_dag: /opt/airflow/dags/eth_mongo_to_postgres_dag.py
Traceback (most recent call last):
  File "/home/airflow/.local/lib/python3.8/site-packages/airflow/timetables/_cron.py", line 100, in validate
    croniter(self._expression)
  File "/home/airflow/.local/lib/python3.8/site-packages/croniter/croniter.py", line 187, in __init__
    self.expanded, self.nth_weekday_of_month = self.expand(expr_format, hash_id=hash_id)
  File "/home/airflow/.local/lib/python3.8/site-packages/croniter/croniter.py", line 811, in expand
    return cls._expand(expr_format, hash_id=hash_id)
  File "/home/airflow/.local/lib/python3.8/site-packages/croniter/croniter.py", line 657, in _expand
    raise CroniterBadCronError(cls.bad_length)
croniter.croniter.CroniterBadCronError: Exactly 5 or 6 columns has to be specified for iterator expression.

During handling of the above exception, another exception occurred:

Traceback (most recent call last):
  File "/home/airflow/.local/lib/python3.8/site-packages/airflow/models/dagbag.py", line 440, in _process_modules
    dag.validate()
  File "/home/airflow/.local/lib/python3.8/site-packages/airflow/models/dag.py", line 739, in validate
    self.timetable.validate()
  File "/home/airflow/.local/lib/python3.8/site-packages/airflow/timetables/_cron.py", line 102, in validate
    raise AirflowTimetableInvalid(str(e))
airflow.exceptions.AirflowTimetableInvalid: Exactly 5 or 6 columns has to be specified for iterator expression.
[2026-02-11T16:40:04.519+0000] {processor.py:842} WARNING - No viable dags retrieved from /opt/airflow/dags/eth_mongo_to_postgres_dag.py
[2026-02-11T16:40:04.554+0000] {processor.py:183} INFO - Processing /opt/airflow/dags/eth_mongo_to_postgres_dag.py took 0.120 seconds
[2026-02-11T16:40:34.784+0000] {processor.py:161} INFO - Started process (PID=115) to work on /opt/airflow/dags/eth_mongo_to_postgres_dag.py
[2026-02-11T16:40:34.785+0000] {processor.py:830} INFO - Processing file /opt/airflow/dags/eth_mongo_to_postgres_dag.py for tasks to queue
[2026-02-11T16:40:34.787+0000] {logging_mixin.py:188} INFO - [2026-02-11T16:40:34.786+0000] {dagbag.py:538} INFO - Filling up the DagBag from /opt/airflow/dags/eth_mongo_to_postgres_dag.py
[2026-02-11T16:40:34.876+0000] {logging_mixin.py:188} INFO - [2026-02-11T16:40:34.874+0000] {dagbag.py:445} ERROR - Failed to bag_dag: /opt/airflow/dags/eth_mongo_to_postgres_dag.py
Traceback (most recent call last):
  File "/home/airflow/.local/lib/python3.8/site-packages/airflow/timetables/_cron.py", line 100, in validate
    croniter(self._expression)
  File "/home/airflow/.local/lib/python3.8/site-packages/croniter/croniter.py", line 187, in __init__
    self.expanded, self.nth_weekday_of_month = self.expand(expr_format, hash_id=hash_id)
  File "/home/airflow/.local/lib/python3.8/site-packages/croniter/croniter.py", line 811, in expand
    return cls._expand(expr_format, hash_id=hash_id)
  File "/home/airflow/.local/lib/python3.8/site-packages/croniter/croniter.py", line 657, in _expand
    raise CroniterBadCronError(cls.bad_length)
croniter.croniter.CroniterBadCronError: Exactly 5 or 6 columns has to be specified for iterator expression.

During handling of the above exception, another exception occurred:

Traceback (most recent call last):
  File "/home/airflow/.local/lib/python3.8/site-packages/airflow/models/dagbag.py", line 440, in _process_modules
    dag.validate()
  File "/home/airflow/.local/lib/python3.8/site-packages/airflow/models/dag.py", line 739, in validate
    self.timetable.validate()
  File "/home/airflow/.local/lib/python3.8/site-packages/airflow/timetables/_cron.py", line 102, in validate
    raise AirflowTimetableInvalid(str(e))
airflow.exceptions.AirflowTimetableInvalid: Exactly 5 or 6 columns has to be specified for iterator expression.
[2026-02-11T16:40:34.877+0000] {processor.py:842} WARNING - No viable dags retrieved from /opt/airflow/dags/eth_mongo_to_postgres_dag.py
[2026-02-11T16:40:34.905+0000] {processor.py:183} INFO - Processing /opt/airflow/dags/eth_mongo_to_postgres_dag.py took 0.127 seconds
[2026-02-11T16:41:05.167+0000] {processor.py:161} INFO - Started process (PID=118) to work on /opt/airflow/dags/eth_mongo_to_postgres_dag.py
[2026-02-11T16:41:05.170+0000] {processor.py:830} INFO - Processing file /opt/airflow/dags/eth_mongo_to_postgres_dag.py for tasks to queue
[2026-02-11T16:41:05.174+0000] {logging_mixin.py:188} INFO - [2026-02-11T16:41:05.173+0000] {dagbag.py:538} INFO - Filling up the DagBag from /opt/airflow/dags/eth_mongo_to_postgres_dag.py
[2026-02-11T16:41:05.895+0000] {logging_mixin.py:188} INFO - [2026-02-11T16:41:05.885+0000] {dagbag.py:445} ERROR - Failed to bag_dag: /opt/airflow/dags/eth_mongo_to_postgres_dag.py
Traceback (most recent call last):
  File "/home/airflow/.local/lib/python3.8/site-packages/airflow/timetables/_cron.py", line 100, in validate
    croniter(self._expression)
  File "/home/airflow/.local/lib/python3.8/site-packages/croniter/croniter.py", line 187, in __init__
    self.expanded, self.nth_weekday_of_month = self.expand(expr_format, hash_id=hash_id)
  File "/home/airflow/.local/lib/python3.8/site-packages/croniter/croniter.py", line 811, in expand
    return cls._expand(expr_format, hash_id=hash_id)
  File "/home/airflow/.local/lib/python3.8/site-packages/croniter/croniter.py", line 657, in _expand
    raise CroniterBadCronError(cls.bad_length)
croniter.croniter.CroniterBadCronError: Exactly 5 or 6 columns has to be specified for iterator expression.

During handling of the above exception, another exception occurred:

Traceback (most recent call last):
  File "/home/airflow/.local/lib/python3.8/site-packages/airflow/models/dagbag.py", line 440, in _process_modules
    dag.validate()
  File "/home/airflow/.local/lib/python3.8/site-packages/airflow/models/dag.py", line 739, in validate
    self.timetable.validate()
  File "/home/airflow/.local/lib/python3.8/site-packages/airflow/timetables/_cron.py", line 102, in validate
    raise AirflowTimetableInvalid(str(e))
airflow.exceptions.AirflowTimetableInvalid: Exactly 5 or 6 columns has to be specified for iterator expression.
[2026-02-11T16:41:05.896+0000] {processor.py:842} WARNING - No viable dags retrieved from /opt/airflow/dags/eth_mongo_to_postgres_dag.py
[2026-02-11T16:41:06.006+0000] {processor.py:183} INFO - Processing /opt/airflow/dags/eth_mongo_to_postgres_dag.py took 0.845 seconds
[2026-02-11T16:41:36.314+0000] {processor.py:161} INFO - Started process (PID=120) to work on /opt/airflow/dags/eth_mongo_to_postgres_dag.py
[2026-02-11T16:41:36.321+0000] {processor.py:830} INFO - Processing file /opt/airflow/dags/eth_mongo_to_postgres_dag.py for tasks to queue
[2026-02-11T16:41:36.324+0000] {logging_mixin.py:188} INFO - [2026-02-11T16:41:36.322+0000] {dagbag.py:538} INFO - Filling up the DagBag from /opt/airflow/dags/eth_mongo_to_postgres_dag.py
[2026-02-11T16:41:36.553+0000] {logging_mixin.py:188} INFO - [2026-02-11T16:41:36.549+0000] {dagbag.py:445} ERROR - Failed to bag_dag: /opt/airflow/dags/eth_mongo_to_postgres_dag.py
Traceback (most recent call last):
  File "/home/airflow/.local/lib/python3.8/site-packages/airflow/timetables/_cron.py", line 100, in validate
    croniter(self._expression)
  File "/home/airflow/.local/lib/python3.8/site-packages/croniter/croniter.py", line 187, in __init__
    self.expanded, self.nth_weekday_of_month = self.expand(expr_format, hash_id=hash_id)
  File "/home/airflow/.local/lib/python3.8/site-packages/croniter/croniter.py", line 811, in expand
    return cls._expand(expr_format, hash_id=hash_id)
  File "/home/airflow/.local/lib/python3.8/site-packages/croniter/croniter.py", line 657, in _expand
    raise CroniterBadCronError(cls.bad_length)
croniter.croniter.CroniterBadCronError: Exactly 5 or 6 columns has to be specified for iterator expression.

During handling of the above exception, another exception occurred:

Traceback (most recent call last):
  File "/home/airflow/.local/lib/python3.8/site-packages/airflow/models/dagbag.py", line 440, in _process_modules
    dag.validate()
  File "/home/airflow/.local/lib/python3.8/site-packages/airflow/models/dag.py", line 739, in validate
    self.timetable.validate()
  File "/home/airflow/.local/lib/python3.8/site-packages/airflow/timetables/_cron.py", line 102, in validate
    raise AirflowTimetableInvalid(str(e))
airflow.exceptions.AirflowTimetableInvalid: Exactly 5 or 6 columns has to be specified for iterator expression.
[2026-02-11T16:41:36.583+0000] {processor.py:842} WARNING - No viable dags retrieved from /opt/airflow/dags/eth_mongo_to_postgres_dag.py
[2026-02-11T16:41:36.696+0000] {processor.py:183} INFO - Processing /opt/airflow/dags/eth_mongo_to_postgres_dag.py took 0.403 seconds
[2026-02-11T16:42:06.879+0000] {processor.py:161} INFO - Started process (PID=122) to work on /opt/airflow/dags/eth_mongo_to_postgres_dag.py
[2026-02-11T16:42:06.881+0000] {processor.py:830} INFO - Processing file /opt/airflow/dags/eth_mongo_to_postgres_dag.py for tasks to queue
[2026-02-11T16:42:06.882+0000] {logging_mixin.py:188} INFO - [2026-02-11T16:42:06.881+0000] {dagbag.py:538} INFO - Filling up the DagBag from /opt/airflow/dags/eth_mongo_to_postgres_dag.py
[2026-02-11T16:42:06.961+0000] {logging_mixin.py:188} INFO - [2026-02-11T16:42:06.959+0000] {dagbag.py:445} ERROR - Failed to bag_dag: /opt/airflow/dags/eth_mongo_to_postgres_dag.py
Traceback (most recent call last):
  File "/home/airflow/.local/lib/python3.8/site-packages/airflow/timetables/_cron.py", line 100, in validate
    croniter(self._expression)
  File "/home/airflow/.local/lib/python3.8/site-packages/croniter/croniter.py", line 187, in __init__
    self.expanded, self.nth_weekday_of_month = self.expand(expr_format, hash_id=hash_id)
  File "/home/airflow/.local/lib/python3.8/site-packages/croniter/croniter.py", line 811, in expand
    return cls._expand(expr_format, hash_id=hash_id)
  File "/home/airflow/.local/lib/python3.8/site-packages/croniter/croniter.py", line 657, in _expand
    raise CroniterBadCronError(cls.bad_length)
croniter.croniter.CroniterBadCronError: Exactly 5 or 6 columns has to be specified for iterator expression.

During handling of the above exception, another exception occurred:

Traceback (most recent call last):
  File "/home/airflow/.local/lib/python3.8/site-packages/airflow/models/dagbag.py", line 440, in _process_modules
    dag.validate()
  File "/home/airflow/.local/lib/python3.8/site-packages/airflow/models/dag.py", line 739, in validate
    self.timetable.validate()
  File "/home/airflow/.local/lib/python3.8/site-packages/airflow/timetables/_cron.py", line 102, in validate
    raise AirflowTimetableInvalid(str(e))
airflow.exceptions.AirflowTimetableInvalid: Exactly 5 or 6 columns has to be specified for iterator expression.
[2026-02-11T16:42:06.962+0000] {processor.py:842} WARNING - No viable dags retrieved from /opt/airflow/dags/eth_mongo_to_postgres_dag.py
[2026-02-11T16:42:07.035+0000] {processor.py:183} INFO - Processing /opt/airflow/dags/eth_mongo_to_postgres_dag.py took 0.161 seconds
[2026-02-11T16:42:33.292+0000] {processor.py:161} INFO - Started process (PID=124) to work on /opt/airflow/dags/eth_mongo_to_postgres_dag.py
[2026-02-11T16:42:33.294+0000] {processor.py:830} INFO - Processing file /opt/airflow/dags/eth_mongo_to_postgres_dag.py for tasks to queue
[2026-02-11T16:42:33.295+0000] {logging_mixin.py:188} INFO - [2026-02-11T16:42:33.295+0000] {dagbag.py:538} INFO - Filling up the DagBag from /opt/airflow/dags/eth_mongo_to_postgres_dag.py
[2026-02-11T16:42:33.473+0000] {processor.py:840} INFO - DAG(s) 'eth_mongo_to_postgres' retrieved from /opt/airflow/dags/eth_mongo_to_postgres_dag.py
[2026-02-11T16:42:33.930+0000] {logging_mixin.py:188} INFO - [2026-02-11T16:42:33.928+0000] {override.py:1769} INFO - Created Permission View: can edit on DAG:eth_mongo_to_postgres
[2026-02-11T16:42:33.947+0000] {logging_mixin.py:188} INFO - [2026-02-11T16:42:33.947+0000] {override.py:1769} INFO - Created Permission View: can delete on DAG:eth_mongo_to_postgres
[2026-02-11T16:42:33.958+0000] {logging_mixin.py:188} INFO - [2026-02-11T16:42:33.957+0000] {override.py:1769} INFO - Created Permission View: can read on DAG:eth_mongo_to_postgres
[2026-02-11T16:42:33.960+0000] {logging_mixin.py:188} INFO - [2026-02-11T16:42:33.960+0000] {dag.py:3036} INFO - Sync 1 DAGs
[2026-02-11T16:42:33.992+0000] {logging_mixin.py:188} INFO - [2026-02-11T16:42:33.992+0000] {dag.py:3058} INFO - Creating ORM DAG for eth_mongo_to_postgres
[2026-02-11T16:42:34.041+0000] {logging_mixin.py:188} INFO - [2026-02-11T16:42:34.041+0000] {dag.py:3823} INFO - Setting next_dagrun for eth_mongo_to_postgres to 2026-02-11 15:00:00+00:00, run_after=2026-02-11 16:00:00+00:00
[2026-02-11T16:42:34.090+0000] {processor.py:183} INFO - Processing /opt/airflow/dags/eth_mongo_to_postgres_dag.py took 0.802 seconds
[2026-02-11T16:43:44.536+0000] {processor.py:161} INFO - Started process (PID=92) to work on /opt/airflow/dags/eth_mongo_to_postgres_dag.py
[2026-02-11T16:43:44.547+0000] {processor.py:830} INFO - Processing file /opt/airflow/dags/eth_mongo_to_postgres_dag.py for tasks to queue
[2026-02-11T16:43:44.552+0000] {logging_mixin.py:188} INFO - [2026-02-11T16:43:44.550+0000] {dagbag.py:538} INFO - Filling up the DagBag from /opt/airflow/dags/eth_mongo_to_postgres_dag.py
[2026-02-11T16:43:44.968+0000] {processor.py:840} INFO - DAG(s) 'eth_mongo_to_postgres' retrieved from /opt/airflow/dags/eth_mongo_to_postgres_dag.py
[2026-02-11T16:43:45.083+0000] {logging_mixin.py:188} INFO - [2026-02-11T16:43:45.083+0000] {dag.py:3036} INFO - Sync 1 DAGs
[2026-02-11T16:43:45.114+0000] {logging_mixin.py:188} INFO - [2026-02-11T16:43:45.113+0000] {dag.py:3823} INFO - Setting next_dagrun for eth_mongo_to_postgres to 2026-02-11 16:00:00+00:00, run_after=2026-02-11 17:00:00+00:00
[2026-02-11T16:43:45.137+0000] {processor.py:183} INFO - Processing /opt/airflow/dags/eth_mongo_to_postgres_dag.py took 0.658 seconds
[2026-02-11T16:44:15.391+0000] {processor.py:161} INFO - Started process (PID=122) to work on /opt/airflow/dags/eth_mongo_to_postgres_dag.py
[2026-02-11T16:44:15.393+0000] {processor.py:830} INFO - Processing file /opt/airflow/dags/eth_mongo_to_postgres_dag.py for tasks to queue
[2026-02-11T16:44:15.394+0000] {logging_mixin.py:188} INFO - [2026-02-11T16:44:15.394+0000] {dagbag.py:538} INFO - Filling up the DagBag from /opt/airflow/dags/eth_mongo_to_postgres_dag.py
[2026-02-11T16:44:15.651+0000] {processor.py:840} INFO - DAG(s) 'eth_mongo_to_postgres' retrieved from /opt/airflow/dags/eth_mongo_to_postgres_dag.py
[2026-02-11T16:44:15.833+0000] {logging_mixin.py:188} INFO - [2026-02-11T16:44:15.833+0000] {dag.py:3036} INFO - Sync 1 DAGs
[2026-02-11T16:44:15.865+0000] {logging_mixin.py:188} INFO - [2026-02-11T16:44:15.864+0000] {dag.py:3823} INFO - Setting next_dagrun for eth_mongo_to_postgres to 2026-02-11 16:00:00+00:00, run_after=2026-02-11 17:00:00+00:00
[2026-02-11T16:44:15.893+0000] {processor.py:183} INFO - Processing /opt/airflow/dags/eth_mongo_to_postgres_dag.py took 0.511 seconds
[2026-02-11T16:44:46.100+0000] {processor.py:161} INFO - Started process (PID=125) to work on /opt/airflow/dags/eth_mongo_to_postgres_dag.py
[2026-02-11T16:44:46.105+0000] {processor.py:830} INFO - Processing file /opt/airflow/dags/eth_mongo_to_postgres_dag.py for tasks to queue
[2026-02-11T16:44:46.109+0000] {logging_mixin.py:188} INFO - [2026-02-11T16:44:46.109+0000] {dagbag.py:538} INFO - Filling up the DagBag from /opt/airflow/dags/eth_mongo_to_postgres_dag.py
[2026-02-11T16:44:46.498+0000] {processor.py:840} INFO - DAG(s) 'eth_mongo_to_postgres' retrieved from /opt/airflow/dags/eth_mongo_to_postgres_dag.py
[2026-02-11T16:44:46.549+0000] {logging_mixin.py:188} INFO - [2026-02-11T16:44:46.549+0000] {dag.py:3036} INFO - Sync 1 DAGs
[2026-02-11T16:44:46.578+0000] {logging_mixin.py:188} INFO - [2026-02-11T16:44:46.578+0000] {dag.py:3823} INFO - Setting next_dagrun for eth_mongo_to_postgres to 2026-02-11 16:00:00+00:00, run_after=2026-02-11 17:00:00+00:00
[2026-02-11T16:44:46.604+0000] {processor.py:183} INFO - Processing /opt/airflow/dags/eth_mongo_to_postgres_dag.py took 0.576 seconds
[2026-02-11T16:45:16.787+0000] {processor.py:161} INFO - Started process (PID=127) to work on /opt/airflow/dags/eth_mongo_to_postgres_dag.py
[2026-02-11T16:45:16.789+0000] {processor.py:830} INFO - Processing file /opt/airflow/dags/eth_mongo_to_postgres_dag.py for tasks to queue
[2026-02-11T16:45:16.790+0000] {logging_mixin.py:188} INFO - [2026-02-11T16:45:16.790+0000] {dagbag.py:538} INFO - Filling up the DagBag from /opt/airflow/dags/eth_mongo_to_postgres_dag.py
[2026-02-11T16:45:16.993+0000] {processor.py:840} INFO - DAG(s) 'eth_mongo_to_postgres' retrieved from /opt/airflow/dags/eth_mongo_to_postgres_dag.py
[2026-02-11T16:45:17.078+0000] {logging_mixin.py:188} INFO - [2026-02-11T16:45:17.077+0000] {dag.py:3036} INFO - Sync 1 DAGs
[2026-02-11T16:45:17.136+0000] {logging_mixin.py:188} INFO - [2026-02-11T16:45:17.136+0000] {dag.py:3823} INFO - Setting next_dagrun for eth_mongo_to_postgres to 2026-02-11 16:00:00+00:00, run_after=2026-02-11 17:00:00+00:00
[2026-02-11T16:45:17.184+0000] {processor.py:183} INFO - Processing /opt/airflow/dags/eth_mongo_to_postgres_dag.py took 0.401 seconds
[2026-02-11T16:45:47.364+0000] {processor.py:161} INFO - Started process (PID=129) to work on /opt/airflow/dags/eth_mongo_to_postgres_dag.py
[2026-02-11T16:45:47.366+0000] {processor.py:830} INFO - Processing file /opt/airflow/dags/eth_mongo_to_postgres_dag.py for tasks to queue
[2026-02-11T16:45:47.368+0000] {logging_mixin.py:188} INFO - [2026-02-11T16:45:47.368+0000] {dagbag.py:538} INFO - Filling up the DagBag from /opt/airflow/dags/eth_mongo_to_postgres_dag.py
[2026-02-11T16:45:47.493+0000] {processor.py:840} INFO - DAG(s) 'eth_mongo_to_postgres' retrieved from /opt/airflow/dags/eth_mongo_to_postgres_dag.py
[2026-02-11T16:45:47.530+0000] {logging_mixin.py:188} INFO - [2026-02-11T16:45:47.529+0000] {dag.py:3036} INFO - Sync 1 DAGs
[2026-02-11T16:45:47.559+0000] {logging_mixin.py:188} INFO - [2026-02-11T16:45:47.559+0000] {dag.py:3823} INFO - Setting next_dagrun for eth_mongo_to_postgres to 2026-02-11 16:00:00+00:00, run_after=2026-02-11 17:00:00+00:00
[2026-02-11T16:45:47.585+0000] {processor.py:183} INFO - Processing /opt/airflow/dags/eth_mongo_to_postgres_dag.py took 0.231 seconds
[2026-02-11T16:45:48.559+0000] {processor.py:161} INFO - Started process (PID=131) to work on /opt/airflow/dags/eth_mongo_to_postgres_dag.py
[2026-02-11T16:45:48.560+0000] {processor.py:830} INFO - Processing file /opt/airflow/dags/eth_mongo_to_postgres_dag.py for tasks to queue
[2026-02-11T16:45:48.561+0000] {logging_mixin.py:188} INFO - [2026-02-11T16:45:48.561+0000] {dagbag.py:538} INFO - Filling up the DagBag from /opt/airflow/dags/eth_mongo_to_postgres_dag.py
[2026-02-11T16:45:48.670+0000] {processor.py:840} INFO - DAG(s) 'eth_mongo_to_postgres' retrieved from /opt/airflow/dags/eth_mongo_to_postgres_dag.py
[2026-02-11T16:45:48.836+0000] {logging_mixin.py:188} INFO - [2026-02-11T16:45:48.835+0000] {dag.py:3036} INFO - Sync 1 DAGs
[2026-02-11T16:45:48.863+0000] {logging_mixin.py:188} INFO - [2026-02-11T16:45:48.863+0000] {dag.py:3823} INFO - Setting next_dagrun for eth_mongo_to_postgres to 2026-02-11 16:44:00+00:00, run_after=2026-02-11 16:45:00+00:00
[2026-02-11T16:45:48.902+0000] {processor.py:183} INFO - Processing /opt/airflow/dags/eth_mongo_to_postgres_dag.py took 0.347 seconds
[2026-02-11T16:47:01.652+0000] {processor.py:161} INFO - Started process (PID=91) to work on /opt/airflow/dags/eth_mongo_to_postgres_dag.py
[2026-02-11T16:47:01.675+0000] {processor.py:830} INFO - Processing file /opt/airflow/dags/eth_mongo_to_postgres_dag.py for tasks to queue
[2026-02-11T16:47:01.691+0000] {logging_mixin.py:188} INFO - [2026-02-11T16:47:01.685+0000] {dagbag.py:538} INFO - Filling up the DagBag from /opt/airflow/dags/eth_mongo_to_postgres_dag.py
[2026-02-11T16:47:02.302+0000] {processor.py:840} INFO - DAG(s) 'eth_mongo_to_postgres' retrieved from /opt/airflow/dags/eth_mongo_to_postgres_dag.py
[2026-02-11T16:47:02.425+0000] {logging_mixin.py:188} INFO - [2026-02-11T16:47:02.425+0000] {dag.py:3036} INFO - Sync 1 DAGs
[2026-02-11T16:47:02.476+0000] {logging_mixin.py:188} INFO - [2026-02-11T16:47:02.475+0000] {dag.py:3823} INFO - Setting next_dagrun for eth_mongo_to_postgres to 2026-02-11 16:46:00+00:00, run_after=2026-02-11 16:47:00+00:00
[2026-02-11T16:47:02.520+0000] {processor.py:183} INFO - Processing /opt/airflow/dags/eth_mongo_to_postgres_dag.py took 0.952 seconds
[2026-02-11T16:47:32.625+0000] {processor.py:161} INFO - Started process (PID=148) to work on /opt/airflow/dags/eth_mongo_to_postgres_dag.py
[2026-02-11T16:47:32.627+0000] {processor.py:830} INFO - Processing file /opt/airflow/dags/eth_mongo_to_postgres_dag.py for tasks to queue
[2026-02-11T16:47:32.629+0000] {logging_mixin.py:188} INFO - [2026-02-11T16:47:32.628+0000] {dagbag.py:538} INFO - Filling up the DagBag from /opt/airflow/dags/eth_mongo_to_postgres_dag.py
[2026-02-11T16:47:32.790+0000] {processor.py:840} INFO - DAG(s) 'eth_mongo_to_postgres' retrieved from /opt/airflow/dags/eth_mongo_to_postgres_dag.py
[2026-02-11T16:47:32.977+0000] {logging_mixin.py:188} INFO - [2026-02-11T16:47:32.977+0000] {dag.py:3036} INFO - Sync 1 DAGs
[2026-02-11T16:47:33.018+0000] {logging_mixin.py:188} INFO - [2026-02-11T16:47:33.017+0000] {dag.py:3823} INFO - Setting next_dagrun for eth_mongo_to_postgres to 2026-02-11 16:47:00+00:00, run_after=2026-02-11 16:48:00+00:00
[2026-02-11T16:47:33.056+0000] {processor.py:183} INFO - Processing /opt/airflow/dags/eth_mongo_to_postgres_dag.py took 0.434 seconds
[2026-02-11T16:48:03.212+0000] {processor.py:161} INFO - Started process (PID=153) to work on /opt/airflow/dags/eth_mongo_to_postgres_dag.py
[2026-02-11T16:48:03.236+0000] {processor.py:830} INFO - Processing file /opt/airflow/dags/eth_mongo_to_postgres_dag.py for tasks to queue
[2026-02-11T16:48:03.254+0000] {logging_mixin.py:188} INFO - [2026-02-11T16:48:03.247+0000] {dagbag.py:538} INFO - Filling up the DagBag from /opt/airflow/dags/eth_mongo_to_postgres_dag.py
[2026-02-11T16:48:03.802+0000] {processor.py:840} INFO - DAG(s) 'eth_mongo_to_postgres' retrieved from /opt/airflow/dags/eth_mongo_to_postgres_dag.py
[2026-02-11T16:48:03.943+0000] {logging_mixin.py:188} INFO - [2026-02-11T16:48:03.942+0000] {dag.py:3036} INFO - Sync 1 DAGs
[2026-02-11T16:48:04.023+0000] {logging_mixin.py:188} INFO - [2026-02-11T16:48:04.023+0000] {dag.py:3823} INFO - Setting next_dagrun for eth_mongo_to_postgres to 2026-02-11 16:48:00+00:00, run_after=2026-02-11 16:49:00+00:00
[2026-02-11T16:48:04.052+0000] {processor.py:183} INFO - Processing /opt/airflow/dags/eth_mongo_to_postgres_dag.py took 0.845 seconds
[2026-02-11T16:48:34.207+0000] {processor.py:161} INFO - Started process (PID=166) to work on /opt/airflow/dags/eth_mongo_to_postgres_dag.py
[2026-02-11T16:48:34.209+0000] {processor.py:830} INFO - Processing file /opt/airflow/dags/eth_mongo_to_postgres_dag.py for tasks to queue
[2026-02-11T16:48:34.213+0000] {logging_mixin.py:188} INFO - [2026-02-11T16:48:34.212+0000] {dagbag.py:538} INFO - Filling up the DagBag from /opt/airflow/dags/eth_mongo_to_postgres_dag.py
[2026-02-11T16:48:34.354+0000] {processor.py:840} INFO - DAG(s) 'eth_mongo_to_postgres' retrieved from /opt/airflow/dags/eth_mongo_to_postgres_dag.py
[2026-02-11T16:48:34.388+0000] {logging_mixin.py:188} INFO - [2026-02-11T16:48:34.388+0000] {dag.py:3036} INFO - Sync 1 DAGs
[2026-02-11T16:48:34.417+0000] {logging_mixin.py:188} INFO - [2026-02-11T16:48:34.417+0000] {dag.py:3823} INFO - Setting next_dagrun for eth_mongo_to_postgres to 2026-02-11 16:48:00+00:00, run_after=2026-02-11 16:49:00+00:00
[2026-02-11T16:48:34.442+0000] {processor.py:183} INFO - Processing /opt/airflow/dags/eth_mongo_to_postgres_dag.py took 0.241 seconds
[2026-02-11T16:49:04.716+0000] {processor.py:161} INFO - Started process (PID=177) to work on /opt/airflow/dags/eth_mongo_to_postgres_dag.py
[2026-02-11T16:49:04.717+0000] {processor.py:830} INFO - Processing file /opt/airflow/dags/eth_mongo_to_postgres_dag.py for tasks to queue
[2026-02-11T16:49:04.719+0000] {logging_mixin.py:188} INFO - [2026-02-11T16:49:04.719+0000] {dagbag.py:538} INFO - Filling up the DagBag from /opt/airflow/dags/eth_mongo_to_postgres_dag.py
[2026-02-11T16:49:05.150+0000] {processor.py:840} INFO - DAG(s) 'eth_mongo_to_postgres' retrieved from /opt/airflow/dags/eth_mongo_to_postgres_dag.py
[2026-02-11T16:49:05.293+0000] {logging_mixin.py:188} INFO - [2026-02-11T16:49:05.293+0000] {dag.py:3036} INFO - Sync 1 DAGs
[2026-02-11T16:49:05.344+0000] {logging_mixin.py:188} INFO - [2026-02-11T16:49:05.343+0000] {dag.py:3823} INFO - Setting next_dagrun for eth_mongo_to_postgres to 2026-02-11 16:49:00+00:00, run_after=2026-02-11 16:50:00+00:00
[2026-02-11T16:49:05.371+0000] {processor.py:183} INFO - Processing /opt/airflow/dags/eth_mongo_to_postgres_dag.py took 0.660 seconds
[2026-02-11T16:49:35.534+0000] {processor.py:161} INFO - Started process (PID=183) to work on /opt/airflow/dags/eth_mongo_to_postgres_dag.py
[2026-02-11T16:49:35.535+0000] {processor.py:830} INFO - Processing file /opt/airflow/dags/eth_mongo_to_postgres_dag.py for tasks to queue
[2026-02-11T16:49:35.537+0000] {logging_mixin.py:188} INFO - [2026-02-11T16:49:35.536+0000] {dagbag.py:538} INFO - Filling up the DagBag from /opt/airflow/dags/eth_mongo_to_postgres_dag.py
[2026-02-11T16:49:35.639+0000] {processor.py:840} INFO - DAG(s) 'eth_mongo_to_postgres' retrieved from /opt/airflow/dags/eth_mongo_to_postgres_dag.py
[2026-02-11T16:49:35.680+0000] {logging_mixin.py:188} INFO - [2026-02-11T16:49:35.680+0000] {dag.py:3036} INFO - Sync 1 DAGs
[2026-02-11T16:49:35.715+0000] {logging_mixin.py:188} INFO - [2026-02-11T16:49:35.715+0000] {dag.py:3823} INFO - Setting next_dagrun for eth_mongo_to_postgres to 2026-02-11 16:49:00+00:00, run_after=2026-02-11 16:50:00+00:00
[2026-02-11T16:49:35.736+0000] {processor.py:183} INFO - Processing /opt/airflow/dags/eth_mongo_to_postgres_dag.py took 0.207 seconds
[2026-02-11T16:50:05.896+0000] {processor.py:161} INFO - Started process (PID=198) to work on /opt/airflow/dags/eth_mongo_to_postgres_dag.py
[2026-02-11T16:50:05.898+0000] {processor.py:830} INFO - Processing file /opt/airflow/dags/eth_mongo_to_postgres_dag.py for tasks to queue
[2026-02-11T16:50:05.899+0000] {logging_mixin.py:188} INFO - [2026-02-11T16:50:05.898+0000] {dagbag.py:538} INFO - Filling up the DagBag from /opt/airflow/dags/eth_mongo_to_postgres_dag.py
[2026-02-11T16:50:05.980+0000] {processor.py:840} INFO - DAG(s) 'eth_mongo_to_postgres' retrieved from /opt/airflow/dags/eth_mongo_to_postgres_dag.py
[2026-02-11T16:50:06.015+0000] {logging_mixin.py:188} INFO - [2026-02-11T16:50:06.015+0000] {dag.py:3036} INFO - Sync 1 DAGs
[2026-02-11T16:50:06.042+0000] {logging_mixin.py:188} INFO - [2026-02-11T16:50:06.041+0000] {dag.py:3823} INFO - Setting next_dagrun for eth_mongo_to_postgres to 2026-02-11 16:50:00+00:00, run_after=2026-02-11 16:51:00+00:00
[2026-02-11T16:50:06.077+0000] {processor.py:183} INFO - Processing /opt/airflow/dags/eth_mongo_to_postgres_dag.py took 0.185 seconds
[2026-02-11T16:50:36.237+0000] {processor.py:161} INFO - Started process (PID=200) to work on /opt/airflow/dags/eth_mongo_to_postgres_dag.py
[2026-02-11T16:50:36.238+0000] {processor.py:830} INFO - Processing file /opt/airflow/dags/eth_mongo_to_postgres_dag.py for tasks to queue
[2026-02-11T16:50:36.240+0000] {logging_mixin.py:188} INFO - [2026-02-11T16:50:36.239+0000] {dagbag.py:538} INFO - Filling up the DagBag from /opt/airflow/dags/eth_mongo_to_postgres_dag.py
[2026-02-11T16:50:36.348+0000] {processor.py:840} INFO - DAG(s) 'eth_mongo_to_postgres' retrieved from /opt/airflow/dags/eth_mongo_to_postgres_dag.py
[2026-02-11T16:50:36.387+0000] {logging_mixin.py:188} INFO - [2026-02-11T16:50:36.386+0000] {dag.py:3036} INFO - Sync 1 DAGs
[2026-02-11T16:50:36.418+0000] {logging_mixin.py:188} INFO - [2026-02-11T16:50:36.418+0000] {dag.py:3823} INFO - Setting next_dagrun for eth_mongo_to_postgres to 2026-02-11 16:50:00+00:00, run_after=2026-02-11 16:51:00+00:00
[2026-02-11T16:50:36.441+0000] {processor.py:183} INFO - Processing /opt/airflow/dags/eth_mongo_to_postgres_dag.py took 0.208 seconds
[2026-02-11T16:51:06.611+0000] {processor.py:161} INFO - Started process (PID=215) to work on /opt/airflow/dags/eth_mongo_to_postgres_dag.py
[2026-02-11T16:51:06.612+0000] {processor.py:830} INFO - Processing file /opt/airflow/dags/eth_mongo_to_postgres_dag.py for tasks to queue
[2026-02-11T16:51:06.613+0000] {logging_mixin.py:188} INFO - [2026-02-11T16:51:06.613+0000] {dagbag.py:538} INFO - Filling up the DagBag from /opt/airflow/dags/eth_mongo_to_postgres_dag.py
[2026-02-11T16:51:06.710+0000] {processor.py:840} INFO - DAG(s) 'eth_mongo_to_postgres' retrieved from /opt/airflow/dags/eth_mongo_to_postgres_dag.py
[2026-02-11T16:51:06.743+0000] {logging_mixin.py:188} INFO - [2026-02-11T16:51:06.743+0000] {dag.py:3036} INFO - Sync 1 DAGs
[2026-02-11T16:51:06.771+0000] {logging_mixin.py:188} INFO - [2026-02-11T16:51:06.771+0000] {dag.py:3823} INFO - Setting next_dagrun for eth_mongo_to_postgres to 2026-02-11 16:51:00+00:00, run_after=2026-02-11 16:52:00+00:00
[2026-02-11T16:51:06.796+0000] {processor.py:183} INFO - Processing /opt/airflow/dags/eth_mongo_to_postgres_dag.py took 0.190 seconds
[2026-02-11T16:51:36.969+0000] {processor.py:161} INFO - Started process (PID=217) to work on /opt/airflow/dags/eth_mongo_to_postgres_dag.py
[2026-02-11T16:51:36.970+0000] {processor.py:830} INFO - Processing file /opt/airflow/dags/eth_mongo_to_postgres_dag.py for tasks to queue
[2026-02-11T16:51:36.972+0000] {logging_mixin.py:188} INFO - [2026-02-11T16:51:36.971+0000] {dagbag.py:538} INFO - Filling up the DagBag from /opt/airflow/dags/eth_mongo_to_postgres_dag.py
[2026-02-11T16:51:37.061+0000] {processor.py:840} INFO - DAG(s) 'eth_mongo_to_postgres' retrieved from /opt/airflow/dags/eth_mongo_to_postgres_dag.py
[2026-02-11T16:51:37.102+0000] {logging_mixin.py:188} INFO - [2026-02-11T16:51:37.101+0000] {dag.py:3036} INFO - Sync 1 DAGs
[2026-02-11T16:51:37.131+0000] {logging_mixin.py:188} INFO - [2026-02-11T16:51:37.131+0000] {dag.py:3823} INFO - Setting next_dagrun for eth_mongo_to_postgres to 2026-02-11 16:51:00+00:00, run_after=2026-02-11 16:52:00+00:00
[2026-02-11T16:51:37.155+0000] {processor.py:183} INFO - Processing /opt/airflow/dags/eth_mongo_to_postgres_dag.py took 0.190 seconds
[2026-02-11T16:52:07.390+0000] {processor.py:161} INFO - Started process (PID=232) to work on /opt/airflow/dags/eth_mongo_to_postgres_dag.py
[2026-02-11T16:52:07.392+0000] {processor.py:830} INFO - Processing file /opt/airflow/dags/eth_mongo_to_postgres_dag.py for tasks to queue
[2026-02-11T16:52:07.395+0000] {logging_mixin.py:188} INFO - [2026-02-11T16:52:07.395+0000] {dagbag.py:538} INFO - Filling up the DagBag from /opt/airflow/dags/eth_mongo_to_postgres_dag.py
[2026-02-11T16:52:07.523+0000] {processor.py:840} INFO - DAG(s) 'eth_mongo_to_postgres' retrieved from /opt/airflow/dags/eth_mongo_to_postgres_dag.py
[2026-02-11T16:52:07.584+0000] {logging_mixin.py:188} INFO - [2026-02-11T16:52:07.583+0000] {dag.py:3036} INFO - Sync 1 DAGs
[2026-02-11T16:52:07.624+0000] {logging_mixin.py:188} INFO - [2026-02-11T16:52:07.624+0000] {dag.py:3823} INFO - Setting next_dagrun for eth_mongo_to_postgres to 2026-02-11 16:52:00+00:00, run_after=2026-02-11 16:53:00+00:00
[2026-02-11T16:52:07.655+0000] {processor.py:183} INFO - Processing /opt/airflow/dags/eth_mongo_to_postgres_dag.py took 0.269 seconds
[2026-02-11T16:52:37.849+0000] {processor.py:161} INFO - Started process (PID=234) to work on /opt/airflow/dags/eth_mongo_to_postgres_dag.py
[2026-02-11T16:52:37.850+0000] {processor.py:830} INFO - Processing file /opt/airflow/dags/eth_mongo_to_postgres_dag.py for tasks to queue
[2026-02-11T16:52:37.852+0000] {logging_mixin.py:188} INFO - [2026-02-11T16:52:37.851+0000] {dagbag.py:538} INFO - Filling up the DagBag from /opt/airflow/dags/eth_mongo_to_postgres_dag.py
[2026-02-11T16:52:37.941+0000] {processor.py:840} INFO - DAG(s) 'eth_mongo_to_postgres' retrieved from /opt/airflow/dags/eth_mongo_to_postgres_dag.py
[2026-02-11T16:52:37.976+0000] {logging_mixin.py:188} INFO - [2026-02-11T16:52:37.976+0000] {dag.py:3036} INFO - Sync 1 DAGs
[2026-02-11T16:52:38.003+0000] {logging_mixin.py:188} INFO - [2026-02-11T16:52:38.003+0000] {dag.py:3823} INFO - Setting next_dagrun for eth_mongo_to_postgres to 2026-02-11 16:52:00+00:00, run_after=2026-02-11 16:53:00+00:00
[2026-02-11T16:52:38.026+0000] {processor.py:183} INFO - Processing /opt/airflow/dags/eth_mongo_to_postgres_dag.py took 0.183 seconds
[2026-02-11T16:53:08.290+0000] {processor.py:161} INFO - Started process (PID=249) to work on /opt/airflow/dags/eth_mongo_to_postgres_dag.py
[2026-02-11T16:53:08.291+0000] {processor.py:830} INFO - Processing file /opt/airflow/dags/eth_mongo_to_postgres_dag.py for tasks to queue
[2026-02-11T16:53:08.293+0000] {logging_mixin.py:188} INFO - [2026-02-11T16:53:08.292+0000] {dagbag.py:538} INFO - Filling up the DagBag from /opt/airflow/dags/eth_mongo_to_postgres_dag.py
[2026-02-11T16:53:08.374+0000] {processor.py:840} INFO - DAG(s) 'eth_mongo_to_postgres' retrieved from /opt/airflow/dags/eth_mongo_to_postgres_dag.py
[2026-02-11T16:53:08.408+0000] {logging_mixin.py:188} INFO - [2026-02-11T16:53:08.408+0000] {dag.py:3036} INFO - Sync 1 DAGs
[2026-02-11T16:53:08.437+0000] {logging_mixin.py:188} INFO - [2026-02-11T16:53:08.436+0000] {dag.py:3823} INFO - Setting next_dagrun for eth_mongo_to_postgres to 2026-02-11 16:53:00+00:00, run_after=2026-02-11 16:54:00+00:00
[2026-02-11T16:53:08.458+0000] {processor.py:183} INFO - Processing /opt/airflow/dags/eth_mongo_to_postgres_dag.py took 0.173 seconds
[2026-02-11T16:53:38.687+0000] {processor.py:161} INFO - Started process (PID=251) to work on /opt/airflow/dags/eth_mongo_to_postgres_dag.py
[2026-02-11T16:53:38.688+0000] {processor.py:830} INFO - Processing file /opt/airflow/dags/eth_mongo_to_postgres_dag.py for tasks to queue
[2026-02-11T16:53:38.689+0000] {logging_mixin.py:188} INFO - [2026-02-11T16:53:38.689+0000] {dagbag.py:538} INFO - Filling up the DagBag from /opt/airflow/dags/eth_mongo_to_postgres_dag.py
[2026-02-11T16:53:38.771+0000] {processor.py:840} INFO - DAG(s) 'eth_mongo_to_postgres' retrieved from /opt/airflow/dags/eth_mongo_to_postgres_dag.py
[2026-02-11T16:53:38.804+0000] {logging_mixin.py:188} INFO - [2026-02-11T16:53:38.804+0000] {dag.py:3036} INFO - Sync 1 DAGs
[2026-02-11T16:53:38.831+0000] {logging_mixin.py:188} INFO - [2026-02-11T16:53:38.831+0000] {dag.py:3823} INFO - Setting next_dagrun for eth_mongo_to_postgres to 2026-02-11 16:53:00+00:00, run_after=2026-02-11 16:54:00+00:00
[2026-02-11T16:53:38.853+0000] {processor.py:183} INFO - Processing /opt/airflow/dags/eth_mongo_to_postgres_dag.py took 0.171 seconds
[2026-02-11T16:54:09.025+0000] {processor.py:161} INFO - Started process (PID=266) to work on /opt/airflow/dags/eth_mongo_to_postgres_dag.py
[2026-02-11T16:54:09.027+0000] {processor.py:830} INFO - Processing file /opt/airflow/dags/eth_mongo_to_postgres_dag.py for tasks to queue
[2026-02-11T16:54:09.029+0000] {logging_mixin.py:188} INFO - [2026-02-11T16:54:09.028+0000] {dagbag.py:538} INFO - Filling up the DagBag from /opt/airflow/dags/eth_mongo_to_postgres_dag.py
[2026-02-11T16:54:09.114+0000] {processor.py:840} INFO - DAG(s) 'eth_mongo_to_postgres' retrieved from /opt/airflow/dags/eth_mongo_to_postgres_dag.py
[2026-02-11T16:54:09.145+0000] {logging_mixin.py:188} INFO - [2026-02-11T16:54:09.144+0000] {dag.py:3036} INFO - Sync 1 DAGs
[2026-02-11T16:54:09.173+0000] {logging_mixin.py:188} INFO - [2026-02-11T16:54:09.173+0000] {dag.py:3823} INFO - Setting next_dagrun for eth_mongo_to_postgres to 2026-02-11 16:54:00+00:00, run_after=2026-02-11 16:55:00+00:00
[2026-02-11T16:54:09.198+0000] {processor.py:183} INFO - Processing /opt/airflow/dags/eth_mongo_to_postgres_dag.py took 0.177 seconds
[2026-02-11T16:54:39.353+0000] {processor.py:161} INFO - Started process (PID=268) to work on /opt/airflow/dags/eth_mongo_to_postgres_dag.py
[2026-02-11T16:54:39.361+0000] {processor.py:830} INFO - Processing file /opt/airflow/dags/eth_mongo_to_postgres_dag.py for tasks to queue
[2026-02-11T16:54:39.362+0000] {logging_mixin.py:188} INFO - [2026-02-11T16:54:39.361+0000] {dagbag.py:538} INFO - Filling up the DagBag from /opt/airflow/dags/eth_mongo_to_postgres_dag.py
[2026-02-11T16:54:39.458+0000] {processor.py:840} INFO - DAG(s) 'eth_mongo_to_postgres' retrieved from /opt/airflow/dags/eth_mongo_to_postgres_dag.py
[2026-02-11T16:54:39.498+0000] {logging_mixin.py:188} INFO - [2026-02-11T16:54:39.498+0000] {dag.py:3036} INFO - Sync 1 DAGs
[2026-02-11T16:54:39.527+0000] {logging_mixin.py:188} INFO - [2026-02-11T16:54:39.527+0000] {dag.py:3823} INFO - Setting next_dagrun for eth_mongo_to_postgres to 2026-02-11 16:54:00+00:00, run_after=2026-02-11 16:55:00+00:00
[2026-02-11T16:54:39.550+0000] {processor.py:183} INFO - Processing /opt/airflow/dags/eth_mongo_to_postgres_dag.py took 0.201 seconds
[2026-02-11T16:55:09.767+0000] {processor.py:161} INFO - Started process (PID=283) to work on /opt/airflow/dags/eth_mongo_to_postgres_dag.py
[2026-02-11T16:55:09.769+0000] {processor.py:830} INFO - Processing file /opt/airflow/dags/eth_mongo_to_postgres_dag.py for tasks to queue
[2026-02-11T16:55:09.770+0000] {logging_mixin.py:188} INFO - [2026-02-11T16:55:09.770+0000] {dagbag.py:538} INFO - Filling up the DagBag from /opt/airflow/dags/eth_mongo_to_postgres_dag.py
[2026-02-11T16:55:09.858+0000] {processor.py:840} INFO - DAG(s) 'eth_mongo_to_postgres' retrieved from /opt/airflow/dags/eth_mongo_to_postgres_dag.py
[2026-02-11T16:55:09.892+0000] {logging_mixin.py:188} INFO - [2026-02-11T16:55:09.892+0000] {dag.py:3036} INFO - Sync 1 DAGs
[2026-02-11T16:55:09.923+0000] {logging_mixin.py:188} INFO - [2026-02-11T16:55:09.922+0000] {dag.py:3823} INFO - Setting next_dagrun for eth_mongo_to_postgres to 2026-02-11 16:55:00+00:00, run_after=2026-02-11 16:56:00+00:00
[2026-02-11T16:55:09.948+0000] {processor.py:183} INFO - Processing /opt/airflow/dags/eth_mongo_to_postgres_dag.py took 0.185 seconds
[2026-02-11T16:55:40.123+0000] {processor.py:161} INFO - Started process (PID=285) to work on /opt/airflow/dags/eth_mongo_to_postgres_dag.py
[2026-02-11T16:55:40.125+0000] {processor.py:830} INFO - Processing file /opt/airflow/dags/eth_mongo_to_postgres_dag.py for tasks to queue
[2026-02-11T16:55:40.126+0000] {logging_mixin.py:188} INFO - [2026-02-11T16:55:40.126+0000] {dagbag.py:538} INFO - Filling up the DagBag from /opt/airflow/dags/eth_mongo_to_postgres_dag.py
[2026-02-11T16:55:40.246+0000] {processor.py:840} INFO - DAG(s) 'eth_mongo_to_postgres' retrieved from /opt/airflow/dags/eth_mongo_to_postgres_dag.py
[2026-02-11T16:55:40.298+0000] {logging_mixin.py:188} INFO - [2026-02-11T16:55:40.298+0000] {dag.py:3036} INFO - Sync 1 DAGs
[2026-02-11T16:55:40.345+0000] {logging_mixin.py:188} INFO - [2026-02-11T16:55:40.345+0000] {dag.py:3823} INFO - Setting next_dagrun for eth_mongo_to_postgres to 2026-02-11 16:55:00+00:00, run_after=2026-02-11 16:56:00+00:00
[2026-02-11T16:55:40.377+0000] {processor.py:183} INFO - Processing /opt/airflow/dags/eth_mongo_to_postgres_dag.py took 0.259 seconds
[2026-02-11T16:56:10.503+0000] {processor.py:161} INFO - Started process (PID=300) to work on /opt/airflow/dags/eth_mongo_to_postgres_dag.py
[2026-02-11T16:56:10.505+0000] {processor.py:830} INFO - Processing file /opt/airflow/dags/eth_mongo_to_postgres_dag.py for tasks to queue
[2026-02-11T16:56:10.507+0000] {logging_mixin.py:188} INFO - [2026-02-11T16:56:10.506+0000] {dagbag.py:538} INFO - Filling up the DagBag from /opt/airflow/dags/eth_mongo_to_postgres_dag.py
[2026-02-11T16:56:10.598+0000] {processor.py:840} INFO - DAG(s) 'eth_mongo_to_postgres' retrieved from /opt/airflow/dags/eth_mongo_to_postgres_dag.py
[2026-02-11T16:56:10.631+0000] {logging_mixin.py:188} INFO - [2026-02-11T16:56:10.631+0000] {dag.py:3036} INFO - Sync 1 DAGs
[2026-02-11T16:56:10.680+0000] {logging_mixin.py:188} INFO - [2026-02-11T16:56:10.680+0000] {dag.py:3823} INFO - Setting next_dagrun for eth_mongo_to_postgres to 2026-02-11 16:56:00+00:00, run_after=2026-02-11 16:57:00+00:00
[2026-02-11T16:56:10.705+0000] {processor.py:183} INFO - Processing /opt/airflow/dags/eth_mongo_to_postgres_dag.py took 0.209 seconds
